<?xml version="1.0" encoding="UTF-8"?>
<!-- Generated by org.testng.reporters.JUnitReportReporter -->
<testsuite skipped="0" hostname="AIPL6536LT14331" name="com.tutorialsninja.testCases.RegistertoTest" tests="4" failures="0" timestamp="2023-06-15T10:46:06 IST" time="20.174" errors="0">
  <testcase name="verifyRegisteringWithoutFillinganyDetails" time="5.899" classname="com.tutorialsninja.testCases.RegistertoTest"/>
  <system-out/>
  <testcase name="verifyRegisteringAccountWithExistingAccount" time="4.834" classname="com.tutorialsninja.testCases.RegistertoTest"/>
  <system-out/>
  <testcase name="verifyRegisteringWithMandatoryFields" time="4.680" classname="com.tutorialsninja.testCases.RegistertoTest"/>
  <system-out/>
  <testcase name="verifyRegisteringWithAllFields" time="4.761" classname="com.tutorialsninja.testCases.RegistertoTest"/>
  <system-out/>
</testsuite> <!-- com.tutorialsninja.testCases.RegistertoTest -->
