<?xml version="1.0" encoding="UTF-8"?>
<!-- Generated by org.testng.reporters.JUnitReportReporter -->
<testsuite skipped="0" hostname="AIPL6536LT14331" name="com.tutorialsninja.testCases.Register" tests="4" failures="0" timestamp="2023-06-14T15:55:15 IST" time="37.105" errors="0">
  <testcase name="verifyRegisteringAccountWithExistingAccount" time="8.998" classname="com.tutorialsninja.testCases.Register"/>
  <system-out/>
  <testcase name="verifyRegisteringWithoutFillinganyDetails" time="8.776" classname="com.tutorialsninja.testCases.Register"/>
  <system-out/>
  <testcase name="verifyRegisteringWithMandatoryFields" time="8.506" classname="com.tutorialsninja.testCases.Register"/>
  <system-out/>
  <testcase name="verifyRegisteringWithAllFields" time="10.825" classname="com.tutorialsninja.testCases.Register"/>
  <system-out/>
</testsuite> <!-- com.tutorialsninja.testCases.Register -->
