<?xml version="1.0" encoding="UTF-8"?>
<!-- Generated by org.testng.reporters.JUnitReportReporter -->
<testsuite skipped="0" hostname="AIPL6536LT14331" name="com.tutorialsninja.testCases.LogintoTest" tests="3" failures="0" timestamp="2023-06-15T10:46:06 IST" time="19.466" errors="0">
  <testcase name="verifyLoginWithoutProvidingCredentials" time="9.532" classname="com.tutorialsninja.testCases.LogintoTest"/>
  <system-out/>
  <testcase name="verifyLoginWithInvalidCrendentials" time="4.866" classname="com.tutorialsninja.testCases.LogintoTest"/>
  <system-out/>
  <testcase name="verifyLoginWithValidCredentials" time="5.068" classname="com.tutorialsninja.testCases.LogintoTest"/>
  <system-out/>
</testsuite> <!-- com.tutorialsninja.testCases.LogintoTest -->
