<?xml version="1.0" encoding="UTF-8"?>
<!-- Generated by org.testng.reporters.JUnitReportReporter -->
<testsuite skipped="0" hostname="AIPL6536LT14331" name="com.tutorialsninja.testCases.SearchTest" tests="1" failures="0" timestamp="2023-06-15T10:46:06 IST" time="4.707" errors="0">
  <testcase name="verifySearchWithValidProduct" time="4.707" classname="com.tutorialsninja.testCases.SearchTest"/>
  <system-out/>
</testsuite> <!-- com.tutorialsninja.testCases.SearchTest -->
