<?xml version="1.0" encoding="UTF-8"?>
<!-- Generated by org.testng.reporters.JUnitReportReporter -->
<testsuite skipped="0" hostname="AIPL6536LT14331" name="com.tutorialsninja.testCases.Login" tests="3" failures="0" timestamp="2023-06-14T15:55:15 IST" time="27.211" errors="0">
  <testcase name="verifyLoginWithoutProvidingCredentials" time="10.933" classname="com.tutorialsninja.testCases.Login"/>
  <system-out/>
  <testcase name="verifyLoginWithInvalidCrendentials" time="7.840" classname="com.tutorialsninja.testCases.Login"/>
  <system-out/>
  <testcase name="verifyLoginWithValidCredentials" time="8.438" classname="com.tutorialsninja.testCases.Login"/>
  <system-out/>
</testsuite> <!-- com.tutorialsninja.testCases.Login -->
